###############################################################
#  Generated by:      Cadence Innovus 22.32-s080_1
#  OS:                Linux x86_64(Host ID seh-23.novalocal)
#  Generated on:      Sun May 26 16:25:02 2024
#  Design:            DTMF_CHIP
#  Command:           check_metal_density
###############################################################

Verify Density report created on Sun May 26 16:25:02 2024

###############################################################
# Layer   Metal1 - Window size      : 100.0um X 100.0um
# Layer   Metal1 - Window step      : 50.0um X 50.0um
# Layer   Metal1 - Min Density      : 20%
# Layer   Metal1 - Pref Density     : 35%
# Layer   Metal1 - Max Density      : 80%
# Layer   Metal1 - Ext Density      : 35%
# Layer   Metal2 - Window size      : 100.0um X 100.0um
# Layer   Metal2 - Window step      : 50.0um X 50.0um
# Layer   Metal2 - Min Density      : 20%
# Layer   Metal2 - Pref Density     : 35%
# Layer   Metal2 - Max Density      : 80%
# Layer   Metal2 - Ext Density      : 35%
# Layer   Metal3 - Window size      : 100.0um X 100.0um
# Layer   Metal3 - Window step      : 50.0um X 50.0um
# Layer   Metal3 - Min Density      : 20%
# Layer   Metal3 - Pref Density     : 35%
# Layer   Metal3 - Max Density      : 80%
# Layer   Metal3 - Ext Density      : 35%
# Layer   Metal4 - Window size      : 100.0um X 100.0um
# Layer   Metal4 - Window step      : 50.0um X 50.0um
# Layer   Metal4 - Min Density      : 20%
# Layer   Metal4 - Pref Density     : 35%
# Layer   Metal4 - Max Density      : 80%
# Layer   Metal4 - Ext Density      : 35%
# Layer   Metal5 - Window size      : 100.0um X 100.0um
# Layer   Metal5 - Window step      : 50.0um X 50.0um
# Layer   Metal5 - Min Density      : 20%
# Layer   Metal5 - Pref Density     : 35%
# Layer   Metal5 - Max Density      : 80%
# Layer   Metal5 - Ext Density      : 35%
# Layer   Metal6 - Window size      : 100.0um X 100.0um
# Layer   Metal6 - Window step      : 50.0um X 50.0um
# Layer   Metal6 - Min Density      : 20%
# Layer   Metal6 - Pref Density     : 35%
# Layer   Metal6 - Max Density      : 80%
# Layer   Metal6 - Ext Density      : 35%
###############################################################


    Layer    Density(%)          Window  
***************************************************

  Metal5        5.63    (1000 350) (1100 450)
  Metal5        3.40    (1050 350) (1150 450)
  Metal5        2.26    (1000 400) (1100 500)
  Metal5        0.00    (1050 400) (1150 500)
  Metal5        2.27    (1000 450) (1100 550)
  Metal5        0.00    (1050 450) (1150 550)
  Metal5        2.26    (1000 500) (1100 600)
  Metal5        0.00    (1050 500) (1150 600)
  Metal5        2.26    (1000 550) (1100 650)
  Metal5        0.00    (1050 550) (1150 650)
  Metal5        2.25    (1000 600) (1100 700)
  Metal5        0.00    (1050 600) (1150 700)
  Metal5        2.25    (1000 650) (1100 750)
  Metal5        0.00    (1050 650) (1150 750)
  Metal5        2.25    (1000 700) (1100 800)
  Metal5        0.00    (1050 700) (1150 800)
  Metal5        2.25    (1000 750) (1100 850)
  Metal5        0.00    (1050 750) (1150 850)
  Metal5       17.89    (400 800) (500 900)
  Metal5        2.25    (1000 800) (1100 900)
  Metal5        0.00    (1050 800) (1150 900)
  Metal5        8.92    (350 850) (450 950)
  Metal5        0.01    (400 850) (500 950)
  Metal5       19.60    (1050 850) (1150 950)
  Metal5        8.92    (350 900) (450 1000)
  Metal5        0.00    (400 900) (500 1000)
  Metal5        8.92    (350 950) (450 1050)
  Metal5        0.00    (400 950) (500 1050)
  Metal5        8.92    (350 1000) (450 1100)
  Metal5        0.00    (400 1000) (500 1100)
  Metal5       18.90    (600 1000) (700 1100)
  Metal5       18.89    (650 1000) (750 1100)
  Metal5       18.87    (700 1000) (800 1100)
  Metal5       18.81    (750 1000) (850 1100)
  Metal5       18.74    (800 1000) (900 1100)
  Metal5       18.66    (850 1000) (950 1100)
  Metal5       18.28    (900 1000) (1000 1100)
  Metal5       17.49    (950 1000) (1050 1100)
  Metal5       16.96    (1000 1000) (1100 1100)
  Metal5       17.60    (1050 1000) (1150 1100)
  Metal5        8.92    (350 1050) (450 1150)
  Metal5        0.00    (400 1050) (500 1150)
  Metal5        0.00    (600 1050) (700 1150)
  Metal5        0.00    (650 1050) (750 1150)
  Metal5        0.00    (700 1050) (800 1150)
  Metal5        0.00    (750 1050) (850 1150)
  Metal5        0.00    (800 1050) (900 1150)
  Metal5        0.00    (850 1050) (950 1150)
  Metal5        0.00    (900 1050) (1000 1150)
  Metal5        0.00    (950 1050) (1050 1150)
  Metal5        0.00    (1000 1050) (1100 1150)
  Metal5        0.00    (1050 1050) (1150 1150)


A total of 52 density violation(s).
Windows < Min. Density = 52
Windows > Max. Density = 0
Windows < Min. Union. Density = 0
Windows > Max. Union. Density = 0
